[2025-06-21T15:58:56.848581+00:00] main.INFO: {"feed":"salesOrders","operation":"full reindex(legacy)","status":"Initialize","elapsed":"23 ms","pid":"13048","caller":"bin\/magento setup:install --base-url=http:\/\/magento2.local\/ --db-host=localhost --db-name=magento2 --db-user=root"} [] []
[2025-06-21T15:58:56.983822+00:00] main.INFO: {"feed":"salesOrders","operation":"full reindex(legacy)","status":"Creating batch table `sales_data_exporter_orders_index_batches`. Start position: 0","elapsed":"159 ms","pid":"13048","caller":"bin\/magento setup:install --base-url=http:\/\/magento2.local\/ --db-host=localhost --db-name=magento2 --db-user=root"} [] []
[2025-06-21T15:58:57.008005+00:00] main.INFO: {"feed":"salesOrders","operation":"full reindex(legacy)","status":"Batch table `sales_data_exporter_orders_index_batches` created. Total Items: 0, batches: ~0","elapsed":"183 ms","pid":"13048","caller":"bin\/magento setup:install --base-url=http:\/\/magento2.local\/ --db-host=localhost --db-name=magento2 --db-user=root"} [] []
[2025-06-21T15:58:57.008396+00:00] main.INFO: {"feed":"salesOrders","operation":"full reindex(legacy)","status":"nothing to process - no items to sync. Not expected? Are there any items in source table `sales_order`?","elapsed":"183 ms","pid":"13048","caller":"bin\/magento setup:install --base-url=http:\/\/magento2.local\/ --db-host=localhost --db-name=magento2 --db-user=root"} [] []
[2025-06-21T15:58:57.082322+00:00] main.INFO: {"feed":"salesOrders","operation":"full reindex(legacy)","status":"Complete","elapsed":"257 ms","pid":"13048","caller":"bin\/magento setup:install --base-url=http:\/\/magento2.local\/ --db-host=localhost --db-name=magento2 --db-user=root"} [] []
[2025-06-21T15:58:57.102645+00:00] main.INFO: {"feed":"salesOrderStatuses","operation":"full reindex(legacy)","status":"Initialize","elapsed":"531 ms","pid":"13048","caller":"bin\/magento setup:install --base-url=http:\/\/magento2.local\/ --db-host=localhost --db-name=magento2 --db-user=root"} [] []
[2025-06-21T15:58:57.166958+00:00] main.INFO: {"feed":"salesOrderStatuses","operation":"full reindex(legacy)","status":"Creating batch table `sales_data_exporter_order_statuses_index_batches`. Start position: ","elapsed":"596 ms","pid":"13048","caller":"bin\/magento setup:install --base-url=http:\/\/magento2.local\/ --db-host=localhost --db-name=magento2 --db-user=root"} [] []
[2025-06-21T15:58:57.195318+00:00] main.INFO: {"feed":"salesOrderStatuses","operation":"full reindex(legacy)","status":"Batch table `sales_data_exporter_order_statuses_index_batches` created. Total Items: 12, batches: ~0","elapsed":"624 ms","pid":"13048","caller":"bin\/magento setup:install --base-url=http:\/\/magento2.local\/ --db-host=localhost --db-name=magento2 --db-user=root"} [] []
[2025-06-21T15:58:57.195600+00:00] main.INFO: {"feed":"salesOrderStatuses","operation":"full reindex(legacy)","status":"start processing `12` items in `1` threads with `100` batch size","elapsed":"624 ms","pid":"13048","caller":"bin\/magento setup:install --base-url=http:\/\/magento2.local\/ --db-host=localhost --db-name=magento2 --db-user=root"} [] []
[2025-06-21T15:58:57.564304+00:00] main.INFO: {"feed":"salesOrderStatuses","operation":"full reindex(legacy)","status":"Progress 1\/1, processed 12, synced 12","elapsed":"993 ms","pid":"13048","caller":"bin\/magento setup:install --base-url=http:\/\/magento2.local\/ --db-host=localhost --db-name=magento2 --db-user=root"} [] []
[2025-06-21T15:58:57.566418+00:00] main.INFO: {"feed":"salesOrderStatuses","operation":"full reindex(legacy)","status":"Complete","elapsed":"995 ms","pid":"13048","caller":"bin\/magento setup:install --base-url=http:\/\/magento2.local\/ --db-host=localhost --db-name=magento2 --db-user=root"} [] []
[2025-06-21T15:58:57.575830+00:00] main.INFO: {"feed":"stores","operation":"full reindex(legacy)","status":"Initialize","elapsed":"00:00:00 478 ms","pid":"13048","caller":"bin\/magento setup:install --base-url=http:\/\/magento2.local\/ --db-host=localhost --db-name=magento2 --db-user=root"} [] []
[2025-06-21T15:58:57.645819+00:00] main.INFO: {"feed":"stores","operation":"full reindex(legacy)","status":"Creating batch table `stores_data_exporter_index_batches`. Start position: 0","elapsed":"00:00:00 548 ms","pid":"13048","caller":"bin\/magento setup:install --base-url=http:\/\/magento2.local\/ --db-host=localhost --db-name=magento2 --db-user=root"} [] []
[2025-06-21T15:58:57.668075+00:00] main.INFO: {"feed":"stores","operation":"full reindex(legacy)","status":"Batch table `stores_data_exporter_index_batches` created. Total Items: 1, batches: ~0","elapsed":"00:00:00 570 ms","pid":"13048","caller":"bin\/magento setup:install --base-url=http:\/\/magento2.local\/ --db-host=localhost --db-name=magento2 --db-user=root"} [] []
[2025-06-21T15:58:57.668417+00:00] main.INFO: {"feed":"stores","operation":"full reindex(legacy)","status":"start processing `1` items in `1` threads with `100` batch size","elapsed":"00:00:00 570 ms","pid":"13048","caller":"bin\/magento setup:install --base-url=http:\/\/magento2.local\/ --db-host=localhost --db-name=magento2 --db-user=root"} [] []
[2025-06-21T15:58:57.711337+00:00] main.INFO: {"feed":"stores","operation":"full reindex(legacy)","status":"Progress 1\/1, processed 1, synced 1","elapsed":"00:00:00 613 ms","pid":"13048","caller":"bin\/magento setup:install --base-url=http:\/\/magento2.local\/ --db-host=localhost --db-name=magento2 --db-user=root"} [] []
[2025-06-21T15:58:57.714346+00:00] main.INFO: {"feed":"stores","operation":"full reindex(legacy)","status":"Complete","elapsed":"00:00:00 616 ms","pid":"13048","caller":"bin\/magento setup:install --base-url=http:\/\/magento2.local\/ --db-host=localhost --db-name=magento2 --db-user=root"} [] []
[2025-06-21T16:01:04.682019+00:00] main.INFO: {"feed":"salesOrders","operation":"full reindex(legacy)","status":"Initialize","elapsed":"00:00:00 690 ms","pid":"15904","caller":"bin\/magento indexer:reindex"} [] []
[2025-06-21T16:01:04.808775+00:00] main.INFO: {"feed":"salesOrders","operation":"full reindex(legacy)","status":"Creating batch table `sales_data_exporter_orders_index_batches`. Start position: 0","elapsed":"00:00:00 817 ms","pid":"15904","caller":"bin\/magento indexer:reindex"} [] []
[2025-06-21T16:01:04.845100+00:00] main.INFO: {"feed":"salesOrders","operation":"full reindex(legacy)","status":"Batch table `sales_data_exporter_orders_index_batches` created. Total Items: 0, batches: ~0","elapsed":"00:00:01 853 ms","pid":"15904","caller":"bin\/magento indexer:reindex"} [] []
[2025-06-21T16:01:04.845472+00:00] main.INFO: {"feed":"salesOrders","operation":"full reindex(legacy)","status":"nothing to process - no items to sync. Not expected? Are there any items in source table `sales_order`?","elapsed":"00:00:01 854 ms","pid":"15904","caller":"bin\/magento indexer:reindex"} [] []
[2025-06-21T16:01:04.847690+00:00] main.INFO: {"feed":"salesOrders","operation":"full reindex(legacy)","status":"Complete","elapsed":"00:00:01 856 ms","pid":"15904","caller":"bin\/magento indexer:reindex"} [] []
[2025-06-21T16:01:04.865765+00:00] main.INFO: {"feed":"salesOrderStatuses","operation":"full reindex(legacy)","status":"Initialize","elapsed":"58 ms","pid":"15904","caller":"bin\/magento indexer:reindex"} [] []
[2025-06-21T16:01:04.938138+00:00] main.INFO: {"feed":"salesOrderStatuses","operation":"full reindex(legacy)","status":"Creating batch table `sales_data_exporter_order_statuses_index_batches`. Start position: ","elapsed":"130 ms","pid":"15904","caller":"bin\/magento indexer:reindex"} [] []
[2025-06-21T16:01:04.971984+00:00] main.INFO: {"feed":"salesOrderStatuses","operation":"full reindex(legacy)","status":"Batch table `sales_data_exporter_order_statuses_index_batches` created. Total Items: 12, batches: ~0","elapsed":"164 ms","pid":"15904","caller":"bin\/magento indexer:reindex"} [] []
[2025-06-21T16:01:04.972307+00:00] main.INFO: {"feed":"salesOrderStatuses","operation":"full reindex(legacy)","status":"start processing `12` items in `1` threads with `100` batch size","elapsed":"164 ms","pid":"15904","caller":"bin\/magento indexer:reindex"} [] []
[2025-06-21T16:01:05.019980+00:00] main.INFO: {"feed":"salesOrderStatuses","operation":"full reindex(legacy)","status":"Progress 1\/1, processed 12, synced 12","elapsed":"212 ms","pid":"15904","caller":"bin\/magento indexer:reindex"} [] []
[2025-06-21T16:01:05.022411+00:00] main.INFO: {"feed":"salesOrderStatuses","operation":"full reindex(legacy)","status":"Complete","elapsed":"214 ms","pid":"15904","caller":"bin\/magento indexer:reindex"} [] []
[2025-06-21T16:01:05.043499+00:00] main.INFO: {"feed":"stores","operation":"full reindex(legacy)","status":"Initialize","elapsed":"413 ms","pid":"15904","caller":"bin\/magento indexer:reindex"} [] []
[2025-06-21T16:01:05.130178+00:00] main.INFO: {"feed":"stores","operation":"full reindex(legacy)","status":"Creating batch table `stores_data_exporter_index_batches`. Start position: 0","elapsed":"500 ms","pid":"15904","caller":"bin\/magento indexer:reindex"} [] []
[2025-06-21T16:01:05.159503+00:00] main.INFO: {"feed":"stores","operation":"full reindex(legacy)","status":"Batch table `stores_data_exporter_index_batches` created. Total Items: 1, batches: ~0","elapsed":"529 ms","pid":"15904","caller":"bin\/magento indexer:reindex"} [] []
[2025-06-21T16:01:05.159872+00:00] main.INFO: {"feed":"stores","operation":"full reindex(legacy)","status":"start processing `1` items in `1` threads with `100` batch size","elapsed":"530 ms","pid":"15904","caller":"bin\/magento indexer:reindex"} [] []
[2025-06-21T16:01:05.183850+00:00] main.INFO: {"feed":"stores","operation":"full reindex(legacy)","status":"Progress 1\/1, processed 1, synced 1","elapsed":"553 ms","pid":"15904","caller":"bin\/magento indexer:reindex"} [] []
[2025-06-21T16:01:05.186258+00:00] main.INFO: {"feed":"stores","operation":"full reindex(legacy)","status":"Complete","elapsed":"556 ms","pid":"15904","caller":"bin\/magento indexer:reindex"} [] []
[2025-06-21T16:11:11.760155+00:00] main.INFO: {"feed":"salesOrders","operation":"full reindex(legacy)","status":"Initialize","elapsed":"00:00:00 846 ms","pid":"31376","caller":"bin\/magento setup:upgrade"} [] []
[2025-06-21T16:11:11.936939+00:00] main.INFO: {"feed":"salesOrders","operation":"full reindex(legacy)","status":"Creating batch table `sales_data_exporter_orders_index_batches`. Start position: 0","elapsed":"00:00:01 23 ms","pid":"31376","caller":"bin\/magento setup:upgrade"} [] []
[2025-06-21T16:11:11.964406+00:00] main.INFO: {"feed":"salesOrders","operation":"full reindex(legacy)","status":"Batch table `sales_data_exporter_orders_index_batches` created. Total Items: 2, batches: ~0","elapsed":"00:00:01 51 ms","pid":"31376","caller":"bin\/magento setup:upgrade"} [] []
[2025-06-21T16:11:11.964692+00:00] main.INFO: {"feed":"salesOrders","operation":"full reindex(legacy)","status":"start processing `2` items in `1` threads with `100` batch size","elapsed":"00:00:01 51 ms","pid":"31376","caller":"bin\/magento setup:upgrade"} [] []
[2025-06-21T16:11:12.380240+00:00] main.INFO: {"feed":"salesOrders","operation":"full reindex(legacy)","status":"Progress 1\/1, processed 2, synced 0","elapsed":"00:00:01 466 ms","pid":"31376","caller":"bin\/magento setup:upgrade"} [] []
[2025-06-21T16:11:12.383199+00:00] main.INFO: {"feed":"salesOrders","operation":"full reindex(legacy)","status":"Complete","elapsed":"00:00:01 469 ms","pid":"31376","caller":"bin\/magento setup:upgrade"} [] []
[2025-06-21T16:11:12.405238+00:00] main.INFO: {"feed":"salesOrderStatuses","operation":"full reindex(legacy)","status":"Initialize","elapsed":"00:00:00 137 ms","pid":"31376","caller":"bin\/magento setup:upgrade"} [] []
[2025-06-21T16:11:12.485364+00:00] main.INFO: {"feed":"salesOrderStatuses","operation":"full reindex(legacy)","status":"Creating batch table `sales_data_exporter_order_statuses_index_batches`. Start position: ","elapsed":"00:00:00 217 ms","pid":"31376","caller":"bin\/magento setup:upgrade"} [] []
[2025-06-21T16:11:12.516907+00:00] main.INFO: {"feed":"salesOrderStatuses","operation":"full reindex(legacy)","status":"Batch table `sales_data_exporter_order_statuses_index_batches` created. Total Items: 12, batches: ~0","elapsed":"00:00:00 248 ms","pid":"31376","caller":"bin\/magento setup:upgrade"} [] []
[2025-06-21T16:11:12.517278+00:00] main.INFO: {"feed":"salesOrderStatuses","operation":"full reindex(legacy)","status":"start processing `12` items in `1` threads with `100` batch size","elapsed":"00:00:00 249 ms","pid":"31376","caller":"bin\/magento setup:upgrade"} [] []
[2025-06-21T16:11:12.553221+00:00] main.INFO: {"feed":"salesOrderStatuses","operation":"full reindex(legacy)","status":"Progress 1\/1, processed 12, synced 12","elapsed":"00:00:00 285 ms","pid":"31376","caller":"bin\/magento setup:upgrade"} [] []
[2025-06-21T16:11:12.555370+00:00] main.INFO: {"feed":"salesOrderStatuses","operation":"full reindex(legacy)","status":"Complete","elapsed":"00:00:00 287 ms","pid":"31376","caller":"bin\/magento setup:upgrade"} [] []
[2025-06-21T16:11:12.564562+00:00] main.INFO: {"feed":"stores","operation":"full reindex(legacy)","status":"Initialize","elapsed":"00:00:00 455 ms","pid":"31376","caller":"bin\/magento setup:upgrade"} [] []
[2025-06-21T16:11:12.633349+00:00] main.INFO: {"feed":"stores","operation":"full reindex(legacy)","status":"Creating batch table `stores_data_exporter_index_batches`. Start position: 0","elapsed":"00:00:00 524 ms","pid":"31376","caller":"bin\/magento setup:upgrade"} [] []
[2025-06-21T16:11:12.660544+00:00] main.INFO: {"feed":"stores","operation":"full reindex(legacy)","status":"Batch table `stores_data_exporter_index_batches` created. Total Items: 1, batches: ~0","elapsed":"00:00:00 551 ms","pid":"31376","caller":"bin\/magento setup:upgrade"} [] []
[2025-06-21T16:11:12.660813+00:00] main.INFO: {"feed":"stores","operation":"full reindex(legacy)","status":"start processing `1` items in `1` threads with `100` batch size","elapsed":"00:00:00 552 ms","pid":"31376","caller":"bin\/magento setup:upgrade"} [] []
[2025-06-21T16:11:12.694359+00:00] main.INFO: {"feed":"stores","operation":"full reindex(legacy)","status":"Progress 1\/1, processed 1, synced 1","elapsed":"00:00:00 585 ms","pid":"31376","caller":"bin\/magento setup:upgrade"} [] []
[2025-06-21T16:11:12.696846+00:00] main.INFO: {"feed":"stores","operation":"full reindex(legacy)","status":"Complete","elapsed":"00:00:00 588 ms","pid":"31376","caller":"bin\/magento setup:upgrade"} [] []
[2025-06-21T16:51:49.658238+00:00] main.INFO: {"feed":"salesOrders","operation":"full reindex(legacy)","status":"Initialize","elapsed":"00:00:00 643 ms","pid":"19572","caller":"bin\/magento setup:upgrade"} [] []
[2025-06-21T16:51:49.745432+00:00] main.INFO: {"feed":"salesOrders","operation":"full reindex(legacy)","status":"Creating batch table `sales_data_exporter_orders_index_batches`. Start position: 0","elapsed":"00:00:00 730 ms","pid":"19572","caller":"bin\/magento setup:upgrade"} [] []
[2025-06-21T16:51:49.792219+00:00] main.INFO: {"feed":"salesOrders","operation":"full reindex(legacy)","status":"Batch table `sales_data_exporter_orders_index_batches` created. Total Items: 2, batches: ~0","elapsed":"00:00:00 777 ms","pid":"19572","caller":"bin\/magento setup:upgrade"} [] []
[2025-06-21T16:51:49.792682+00:00] main.INFO: {"feed":"salesOrders","operation":"full reindex(legacy)","status":"start processing `2` items in `1` threads with `100` batch size","elapsed":"00:00:00 777 ms","pid":"19572","caller":"bin\/magento setup:upgrade"} [] []
[2025-06-21T16:51:49.840170+00:00] main.INFO: {"feed":"salesOrders","operation":"full reindex(legacy)","status":"Progress 1\/1, processed 2, synced 0","elapsed":"00:00:01 824 ms","pid":"19572","caller":"bin\/magento setup:upgrade"} [] []
[2025-06-21T16:51:49.843770+00:00] main.INFO: {"feed":"salesOrders","operation":"full reindex(legacy)","status":"Complete","elapsed":"00:00:01 828 ms","pid":"19572","caller":"bin\/magento setup:upgrade"} [] []
[2025-06-21T16:51:49.861200+00:00] main.INFO: {"feed":"salesOrderStatuses","operation":"full reindex(legacy)","status":"Initialize","elapsed":"49 ms","pid":"19572","caller":"bin\/magento setup:upgrade"} [] []
[2025-06-21T16:51:49.943868+00:00] main.INFO: {"feed":"salesOrderStatuses","operation":"full reindex(legacy)","status":"Creating batch table `sales_data_exporter_order_statuses_index_batches`. Start position: ","elapsed":"131 ms","pid":"19572","caller":"bin\/magento setup:upgrade"} [] []
[2025-06-21T16:51:49.997210+00:00] main.INFO: {"feed":"salesOrderStatuses","operation":"full reindex(legacy)","status":"Batch table `sales_data_exporter_order_statuses_index_batches` created. Total Items: 12, batches: ~0","elapsed":"184 ms","pid":"19572","caller":"bin\/magento setup:upgrade"} [] []
[2025-06-21T16:51:49.997831+00:00] main.INFO: {"feed":"salesOrderStatuses","operation":"full reindex(legacy)","status":"start processing `12` items in `1` threads with `100` batch size","elapsed":"185 ms","pid":"19572","caller":"bin\/magento setup:upgrade"} [] []
[2025-06-21T16:51:50.013834+00:00] main.INFO: {"feed":"salesOrderStatuses","operation":"full reindex(legacy)","status":"Progress 1\/1, processed 12, synced 12","elapsed":"201 ms","pid":"19572","caller":"bin\/magento setup:upgrade"} [] []
[2025-06-21T16:51:50.017152+00:00] main.INFO: {"feed":"salesOrderStatuses","operation":"full reindex(legacy)","status":"Complete","elapsed":"204 ms","pid":"19572","caller":"bin\/magento setup:upgrade"} [] []
[2025-06-21T16:51:50.031844+00:00] main.INFO: {"feed":"stores","operation":"full reindex(legacy)","status":"Initialize","elapsed":"390 ms","pid":"19572","caller":"bin\/magento setup:upgrade"} [] []
[2025-06-21T16:51:50.100552+00:00] main.INFO: {"feed":"stores","operation":"full reindex(legacy)","status":"Creating batch table `stores_data_exporter_index_batches`. Start position: 0","elapsed":"459 ms","pid":"19572","caller":"bin\/magento setup:upgrade"} [] []
[2025-06-21T16:51:50.140033+00:00] main.INFO: {"feed":"stores","operation":"full reindex(legacy)","status":"Batch table `stores_data_exporter_index_batches` created. Total Items: 1, batches: ~0","elapsed":"498 ms","pid":"19572","caller":"bin\/magento setup:upgrade"} [] []
[2025-06-21T16:51:50.140413+00:00] main.INFO: {"feed":"stores","operation":"full reindex(legacy)","status":"start processing `1` items in `1` threads with `100` batch size","elapsed":"498 ms","pid":"19572","caller":"bin\/magento setup:upgrade"} [] []
[2025-06-21T16:51:50.151154+00:00] main.INFO: {"feed":"stores","operation":"full reindex(legacy)","status":"Progress 1\/1, processed 1, synced 1","elapsed":"509 ms","pid":"19572","caller":"bin\/magento setup:upgrade"} [] []
[2025-06-21T16:51:50.153560+00:00] main.INFO: {"feed":"stores","operation":"full reindex(legacy)","status":"Complete","elapsed":"512 ms","pid":"19572","caller":"bin\/magento setup:upgrade"} [] []
[2025-06-21T16:55:56.754948+00:00] main.INFO: {"feed":"salesOrders","operation":"full reindex(legacy)","status":"Initialize","elapsed":"00:00:00 836 ms","pid":"29528","caller":"bin\/magento indexer:reindex"} [] []
[2025-06-21T16:55:56.841669+00:00] main.INFO: {"feed":"salesOrders","operation":"full reindex(legacy)","status":"Creating batch table `sales_data_exporter_orders_index_batches`. Start position: 0","elapsed":"00:00:01 923 ms","pid":"29528","caller":"bin\/magento indexer:reindex"} [] []
[2025-06-21T16:55:56.878744+00:00] main.INFO: {"feed":"salesOrders","operation":"full reindex(legacy)","status":"Batch table `sales_data_exporter_orders_index_batches` created. Total Items: 2, batches: ~0","elapsed":"00:00:01 960 ms","pid":"29528","caller":"bin\/magento indexer:reindex"} [] []
[2025-06-21T16:55:56.879223+00:00] main.INFO: {"feed":"salesOrders","operation":"full reindex(legacy)","status":"start processing `2` items in `1` threads with `100` batch size","elapsed":"00:00:01 960 ms","pid":"29528","caller":"bin\/magento indexer:reindex"} [] []
[2025-06-21T16:55:56.923409+00:00] main.INFO: {"feed":"salesOrders","operation":"full reindex(legacy)","status":"Progress 1\/1, processed 2, synced 0","elapsed":"00:00:01 4 ms","pid":"29528","caller":"bin\/magento indexer:reindex"} [] []
[2025-06-21T16:55:56.926485+00:00] main.INFO: {"feed":"salesOrders","operation":"full reindex(legacy)","status":"Complete","elapsed":"00:00:01 8 ms","pid":"29528","caller":"bin\/magento indexer:reindex"} [] []
[2025-06-21T16:55:56.950124+00:00] main.INFO: {"feed":"salesOrderStatuses","operation":"full reindex(legacy)","status":"Initialize","elapsed":"226 ms","pid":"29528","caller":"bin\/magento indexer:reindex"} [] []
[2025-06-21T16:55:57.016277+00:00] main.INFO: {"feed":"salesOrderStatuses","operation":"full reindex(legacy)","status":"Creating batch table `sales_data_exporter_order_statuses_index_batches`. Start position: ","elapsed":"293 ms","pid":"29528","caller":"bin\/magento indexer:reindex"} [] []
[2025-06-21T16:55:57.056651+00:00] main.INFO: {"feed":"salesOrderStatuses","operation":"full reindex(legacy)","status":"Batch table `sales_data_exporter_order_statuses_index_batches` created. Total Items: 12, batches: ~0","elapsed":"333 ms","pid":"29528","caller":"bin\/magento indexer:reindex"} [] []
[2025-06-21T16:55:57.057099+00:00] main.INFO: {"feed":"salesOrderStatuses","operation":"full reindex(legacy)","status":"start processing `12` items in `1` threads with `100` batch size","elapsed":"333 ms","pid":"29528","caller":"bin\/magento indexer:reindex"} [] []
[2025-06-21T16:55:57.067353+00:00] main.INFO: {"feed":"salesOrderStatuses","operation":"full reindex(legacy)","status":"Progress 1\/1, processed 12, synced 12","elapsed":"344 ms","pid":"29528","caller":"bin\/magento indexer:reindex"} [] []
[2025-06-21T16:55:57.069799+00:00] main.INFO: {"feed":"salesOrderStatuses","operation":"full reindex(legacy)","status":"Complete","elapsed":"346 ms","pid":"29528","caller":"bin\/magento indexer:reindex"} [] []
[2025-06-21T16:55:57.083085+00:00] main.INFO: {"feed":"stores","operation":"full reindex(legacy)","status":"Initialize","elapsed":"492 ms","pid":"29528","caller":"bin\/magento indexer:reindex"} [] []
[2025-06-21T16:55:57.153980+00:00] main.INFO: {"feed":"stores","operation":"full reindex(legacy)","status":"Creating batch table `stores_data_exporter_index_batches`. Start position: 0","elapsed":"563 ms","pid":"29528","caller":"bin\/magento indexer:reindex"} [] []
[2025-06-21T16:55:57.189861+00:00] main.INFO: {"feed":"stores","operation":"full reindex(legacy)","status":"Batch table `stores_data_exporter_index_batches` created. Total Items: 1, batches: ~0","elapsed":"599 ms","pid":"29528","caller":"bin\/magento indexer:reindex"} [] []
[2025-06-21T16:55:57.190220+00:00] main.INFO: {"feed":"stores","operation":"full reindex(legacy)","status":"start processing `1` items in `1` threads with `100` batch size","elapsed":"599 ms","pid":"29528","caller":"bin\/magento indexer:reindex"} [] []
[2025-06-21T16:55:57.201616+00:00] main.INFO: {"feed":"stores","operation":"full reindex(legacy)","status":"Progress 1\/1, processed 1, synced 1","elapsed":"611 ms","pid":"29528","caller":"bin\/magento indexer:reindex"} [] []
[2025-06-21T16:55:57.204119+00:00] main.INFO: {"feed":"stores","operation":"full reindex(legacy)","status":"Complete","elapsed":"613 ms","pid":"29528","caller":"bin\/magento indexer:reindex"} [] []
[2025-06-21T16:56:50.234747+00:00] main.INFO: {"feed":"salesOrders","operation":"full reindex(legacy)","status":"Initialize","elapsed":"796 ms","pid":"26336","caller":"bin\/magento setup:upgrade"} [] []
[2025-06-21T16:56:50.313320+00:00] main.INFO: {"feed":"salesOrders","operation":"full reindex(legacy)","status":"Creating batch table `sales_data_exporter_orders_index_batches`. Start position: 0","elapsed":"874 ms","pid":"26336","caller":"bin\/magento setup:upgrade"} [] []
[2025-06-21T16:56:50.351899+00:00] main.INFO: {"feed":"salesOrders","operation":"full reindex(legacy)","status":"Batch table `sales_data_exporter_orders_index_batches` created. Total Items: 2, batches: ~0","elapsed":"913 ms","pid":"26336","caller":"bin\/magento setup:upgrade"} [] []
[2025-06-21T16:56:50.352305+00:00] main.INFO: {"feed":"salesOrders","operation":"full reindex(legacy)","status":"start processing `2` items in `1` threads with `100` batch size","elapsed":"913 ms","pid":"26336","caller":"bin\/magento setup:upgrade"} [] []
[2025-06-21T16:56:50.380823+00:00] main.INFO: {"feed":"salesOrders","operation":"full reindex(legacy)","status":"Progress 1\/1, processed 2, synced 0","elapsed":"942 ms","pid":"26336","caller":"bin\/magento setup:upgrade"} [] []
[2025-06-21T16:56:50.383671+00:00] main.INFO: {"feed":"salesOrders","operation":"full reindex(legacy)","status":"Complete","elapsed":"945 ms","pid":"26336","caller":"bin\/magento setup:upgrade"} [] []
[2025-06-21T16:56:50.397895+00:00] main.INFO: {"feed":"salesOrderStatuses","operation":"full reindex(legacy)","status":"Initialize","elapsed":"00:00:00 122 ms","pid":"26336","caller":"bin\/magento setup:upgrade"} [] []
[2025-06-21T16:56:50.463732+00:00] main.INFO: {"feed":"salesOrderStatuses","operation":"full reindex(legacy)","status":"Creating batch table `sales_data_exporter_order_statuses_index_batches`. Start position: ","elapsed":"00:00:00 188 ms","pid":"26336","caller":"bin\/magento setup:upgrade"} [] []
[2025-06-21T16:56:50.503793+00:00] main.INFO: {"feed":"salesOrderStatuses","operation":"full reindex(legacy)","status":"Batch table `sales_data_exporter_order_statuses_index_batches` created. Total Items: 12, batches: ~0","elapsed":"00:00:00 228 ms","pid":"26336","caller":"bin\/magento setup:upgrade"} [] []
[2025-06-21T16:56:50.504230+00:00] main.INFO: {"feed":"salesOrderStatuses","operation":"full reindex(legacy)","status":"start processing `12` items in `1` threads with `100` batch size","elapsed":"00:00:00 228 ms","pid":"26336","caller":"bin\/magento setup:upgrade"} [] []
[2025-06-21T16:56:50.515457+00:00] main.INFO: {"feed":"salesOrderStatuses","operation":"full reindex(legacy)","status":"Progress 1\/1, processed 12, synced 12","elapsed":"00:00:00 239 ms","pid":"26336","caller":"bin\/magento setup:upgrade"} [] []
[2025-06-21T16:56:50.517732+00:00] main.INFO: {"feed":"salesOrderStatuses","operation":"full reindex(legacy)","status":"Complete","elapsed":"00:00:00 242 ms","pid":"26336","caller":"bin\/magento setup:upgrade"} [] []
[2025-06-21T16:56:50.530932+00:00] main.INFO: {"feed":"stores","operation":"full reindex(legacy)","status":"Initialize","elapsed":"00:00:00 388 ms","pid":"26336","caller":"bin\/magento setup:upgrade"} [] []
[2025-06-21T16:56:50.616469+00:00] main.INFO: {"feed":"stores","operation":"full reindex(legacy)","status":"Creating batch table `stores_data_exporter_index_batches`. Start position: 0","elapsed":"00:00:00 474 ms","pid":"26336","caller":"bin\/magento setup:upgrade"} [] []
[2025-06-21T16:56:50.661008+00:00] main.INFO: {"feed":"stores","operation":"full reindex(legacy)","status":"Batch table `stores_data_exporter_index_batches` created. Total Items: 1, batches: ~0","elapsed":"00:00:00 518 ms","pid":"26336","caller":"bin\/magento setup:upgrade"} [] []
[2025-06-21T16:56:50.661476+00:00] main.INFO: {"feed":"stores","operation":"full reindex(legacy)","status":"start processing `1` items in `1` threads with `100` batch size","elapsed":"00:00:00 519 ms","pid":"26336","caller":"bin\/magento setup:upgrade"} [] []
[2025-06-21T16:56:50.675924+00:00] main.INFO: {"feed":"stores","operation":"full reindex(legacy)","status":"Progress 1\/1, processed 1, synced 1","elapsed":"00:00:00 533 ms","pid":"26336","caller":"bin\/magento setup:upgrade"} [] []
[2025-06-21T16:56:50.681080+00:00] main.INFO: {"feed":"stores","operation":"full reindex(legacy)","status":"Complete","elapsed":"00:00:00 538 ms","pid":"26336","caller":"bin\/magento setup:upgrade"} [] []
[2025-06-22T05:40:18.548145+00:00] main.INFO: {"feed":"salesOrders","operation":"full reindex(legacy)","status":"Initialize","elapsed":"00:00:00 375 ms","pid":"29440","caller":"bin\/magento setup:upgrade"} [] []
[2025-06-22T05:40:18.653009+00:00] main.INFO: {"feed":"salesOrders","operation":"full reindex(legacy)","status":"Creating batch table `sales_data_exporter_orders_index_batches`. Start position: 0","elapsed":"00:00:00 480 ms","pid":"29440","caller":"bin\/magento setup:upgrade"} [] []
[2025-06-22T05:40:18.691692+00:00] main.INFO: {"feed":"salesOrders","operation":"full reindex(legacy)","status":"Batch table `sales_data_exporter_orders_index_batches` created. Total Items: 2, batches: ~0","elapsed":"00:00:00 519 ms","pid":"29440","caller":"bin\/magento setup:upgrade"} [] []
[2025-06-22T05:40:18.692187+00:00] main.INFO: {"feed":"salesOrders","operation":"full reindex(legacy)","status":"start processing `2` items in `1` threads with `100` batch size","elapsed":"00:00:00 519 ms","pid":"29440","caller":"bin\/magento setup:upgrade"} [] []
[2025-06-22T05:40:18.733801+00:00] main.INFO: {"feed":"salesOrders","operation":"full reindex(legacy)","status":"Progress 1\/1, processed 2, synced 0","elapsed":"00:00:00 561 ms","pid":"29440","caller":"bin\/magento setup:upgrade"} [] []
[2025-06-22T05:40:18.736842+00:00] main.INFO: {"feed":"salesOrders","operation":"full reindex(legacy)","status":"Complete","elapsed":"00:00:00 564 ms","pid":"29440","caller":"bin\/magento setup:upgrade"} [] []
[2025-06-22T05:40:18.753341+00:00] main.INFO: {"feed":"salesOrderStatuses","operation":"full reindex(legacy)","status":"Initialize","elapsed":"00:00:00 785 ms","pid":"29440","caller":"bin\/magento setup:upgrade"} [] []
[2025-06-22T05:40:18.824491+00:00] main.INFO: {"feed":"salesOrderStatuses","operation":"full reindex(legacy)","status":"Creating batch table `sales_data_exporter_order_statuses_index_batches`. Start position: ","elapsed":"00:00:00 857 ms","pid":"29440","caller":"bin\/magento setup:upgrade"} [] []
[2025-06-22T05:40:18.871074+00:00] main.INFO: {"feed":"salesOrderStatuses","operation":"full reindex(legacy)","status":"Batch table `sales_data_exporter_order_statuses_index_batches` created. Total Items: 12, batches: ~0","elapsed":"00:00:01 903 ms","pid":"29440","caller":"bin\/magento setup:upgrade"} [] []
[2025-06-22T05:40:18.871636+00:00] main.INFO: {"feed":"salesOrderStatuses","operation":"full reindex(legacy)","status":"start processing `12` items in `1` threads with `100` batch size","elapsed":"00:00:01 904 ms","pid":"29440","caller":"bin\/magento setup:upgrade"} [] []
[2025-06-22T05:40:18.883691+00:00] main.INFO: {"feed":"salesOrderStatuses","operation":"full reindex(legacy)","status":"Progress 1\/1, processed 12, synced 12","elapsed":"00:00:01 916 ms","pid":"29440","caller":"bin\/magento setup:upgrade"} [] []
[2025-06-22T05:40:18.886764+00:00] main.INFO: {"feed":"salesOrderStatuses","operation":"full reindex(legacy)","status":"Complete","elapsed":"00:00:01 919 ms","pid":"29440","caller":"bin\/magento setup:upgrade"} [] []
[2025-06-22T05:40:18.900041+00:00] main.INFO: {"feed":"stores","operation":"full reindex(legacy)","status":"Initialize","elapsed":"79 ms","pid":"29440","caller":"bin\/magento setup:upgrade"} [] []
[2025-06-22T05:40:18.970260+00:00] main.INFO: {"feed":"stores","operation":"full reindex(legacy)","status":"Creating batch table `stores_data_exporter_index_batches`. Start position: 0","elapsed":"149 ms","pid":"29440","caller":"bin\/magento setup:upgrade"} [] []
[2025-06-22T05:40:19.006400+00:00] main.INFO: {"feed":"stores","operation":"full reindex(legacy)","status":"Batch table `stores_data_exporter_index_batches` created. Total Items: 1, batches: ~0","elapsed":"185 ms","pid":"29440","caller":"bin\/magento setup:upgrade"} [] []
[2025-06-22T05:40:19.006803+00:00] main.INFO: {"feed":"stores","operation":"full reindex(legacy)","status":"start processing `1` items in `1` threads with `100` batch size","elapsed":"186 ms","pid":"29440","caller":"bin\/magento setup:upgrade"} [] []
[2025-06-22T05:40:19.017328+00:00] main.INFO: {"feed":"stores","operation":"full reindex(legacy)","status":"Progress 1\/1, processed 1, synced 1","elapsed":"196 ms","pid":"29440","caller":"bin\/magento setup:upgrade"} [] []
[2025-06-22T05:40:19.019676+00:00] main.INFO: {"feed":"stores","operation":"full reindex(legacy)","status":"Complete","elapsed":"198 ms","pid":"29440","caller":"bin\/magento setup:upgrade"} [] []
[2025-06-22T06:43:11.816534+00:00] main.INFO: {"feed":"salesOrders","operation":"full reindex(legacy)","status":"Initialize","elapsed":"00:00:00 912 ms","pid":"33168","caller":"bin\/magento setup:upgrade"} [] []
[2025-06-22T06:43:11.877281+00:00] main.INFO: {"feed":"salesOrders","operation":"full reindex(legacy)","status":"Creating batch table `sales_data_exporter_orders_index_batches`. Start position: 0","elapsed":"00:00:01 973 ms","pid":"33168","caller":"bin\/magento setup:upgrade"} [] []
[2025-06-22T06:43:11.905409+00:00] main.INFO: {"feed":"salesOrders","operation":"full reindex(legacy)","status":"Batch table `sales_data_exporter_orders_index_batches` created. Total Items: 2, batches: ~0","elapsed":"00:00:01 1 ms","pid":"33168","caller":"bin\/magento setup:upgrade"} [] []
[2025-06-22T06:43:11.905694+00:00] main.INFO: {"feed":"salesOrders","operation":"full reindex(legacy)","status":"start processing `2` items in `1` threads with `100` batch size","elapsed":"00:00:01 1 ms","pid":"33168","caller":"bin\/magento setup:upgrade"} [] []
[2025-06-22T06:43:11.935414+00:00] main.INFO: {"feed":"salesOrders","operation":"full reindex(legacy)","status":"Progress 1\/1, processed 2, synced 0","elapsed":"00:00:01 31 ms","pid":"33168","caller":"bin\/magento setup:upgrade"} [] []
[2025-06-22T06:43:11.937841+00:00] main.INFO: {"feed":"salesOrders","operation":"full reindex(legacy)","status":"Complete","elapsed":"00:00:01 33 ms","pid":"33168","caller":"bin\/magento setup:upgrade"} [] []
[2025-06-22T06:43:11.950129+00:00] main.INFO: {"feed":"salesOrderStatuses","operation":"full reindex(legacy)","status":"Initialize","elapsed":"179 ms","pid":"33168","caller":"bin\/magento setup:upgrade"} [] []
[2025-06-22T06:43:12.004617+00:00] main.INFO: {"feed":"salesOrderStatuses","operation":"full reindex(legacy)","status":"Creating batch table `sales_data_exporter_order_statuses_index_batches`. Start position: ","elapsed":"234 ms","pid":"33168","caller":"bin\/magento setup:upgrade"} [] []
[2025-06-22T06:43:12.036700+00:00] main.INFO: {"feed":"salesOrderStatuses","operation":"full reindex(legacy)","status":"Batch table `sales_data_exporter_order_statuses_index_batches` created. Total Items: 12, batches: ~0","elapsed":"266 ms","pid":"33168","caller":"bin\/magento setup:upgrade"} [] []
[2025-06-22T06:43:12.036998+00:00] main.INFO: {"feed":"salesOrderStatuses","operation":"full reindex(legacy)","status":"start processing `12` items in `1` threads with `100` batch size","elapsed":"266 ms","pid":"33168","caller":"bin\/magento setup:upgrade"} [] []
[2025-06-22T06:43:12.044395+00:00] main.INFO: {"feed":"salesOrderStatuses","operation":"full reindex(legacy)","status":"Progress 1\/1, processed 12, synced 12","elapsed":"273 ms","pid":"33168","caller":"bin\/magento setup:upgrade"} [] []
[2025-06-22T06:43:12.046074+00:00] main.INFO: {"feed":"salesOrderStatuses","operation":"full reindex(legacy)","status":"Complete","elapsed":"275 ms","pid":"33168","caller":"bin\/magento setup:upgrade"} [] []
[2025-06-22T06:43:12.054689+00:00] main.INFO: {"feed":"stores","operation":"full reindex(legacy)","status":"Initialize","elapsed":"388 ms","pid":"33168","caller":"bin\/magento setup:upgrade"} [] []
[2025-06-22T06:43:12.106697+00:00] main.INFO: {"feed":"stores","operation":"full reindex(legacy)","status":"Creating batch table `stores_data_exporter_index_batches`. Start position: 0","elapsed":"440 ms","pid":"33168","caller":"bin\/magento setup:upgrade"} [] []
[2025-06-22T06:43:12.132241+00:00] main.INFO: {"feed":"stores","operation":"full reindex(legacy)","status":"Batch table `stores_data_exporter_index_batches` created. Total Items: 1, batches: ~0","elapsed":"466 ms","pid":"33168","caller":"bin\/magento setup:upgrade"} [] []
[2025-06-22T06:43:12.132584+00:00] main.INFO: {"feed":"stores","operation":"full reindex(legacy)","status":"start processing `1` items in `1` threads with `100` batch size","elapsed":"466 ms","pid":"33168","caller":"bin\/magento setup:upgrade"} [] []
[2025-06-22T06:43:12.140244+00:00] main.INFO: {"feed":"stores","operation":"full reindex(legacy)","status":"Progress 1\/1, processed 1, synced 1","elapsed":"474 ms","pid":"33168","caller":"bin\/magento setup:upgrade"} [] []
[2025-06-22T06:43:12.142058+00:00] main.INFO: {"feed":"stores","operation":"full reindex(legacy)","status":"Complete","elapsed":"476 ms","pid":"33168","caller":"bin\/magento setup:upgrade"} [] []
[2025-06-22T15:41:08.973094+00:00] main.INFO: {"feed":"salesOrders","operation":"full reindex(legacy)","status":"Initialize","elapsed":"374 ms","pid":"11672","caller":"bin\/magento setup:upgrade"} [] []
[2025-06-22T15:41:09.058913+00:00] main.INFO: {"feed":"salesOrders","operation":"full reindex(legacy)","status":"Creating batch table `sales_data_exporter_orders_index_batches`. Start position: 0","elapsed":"460 ms","pid":"11672","caller":"bin\/magento setup:upgrade"} [] []
[2025-06-22T15:41:09.095071+00:00] main.INFO: {"feed":"salesOrders","operation":"full reindex(legacy)","status":"Batch table `sales_data_exporter_orders_index_batches` created. Total Items: 2, batches: ~0","elapsed":"496 ms","pid":"11672","caller":"bin\/magento setup:upgrade"} [] []
[2025-06-22T15:41:09.095489+00:00] main.INFO: {"feed":"salesOrders","operation":"full reindex(legacy)","status":"start processing `2` items in `1` threads with `100` batch size","elapsed":"496 ms","pid":"11672","caller":"bin\/magento setup:upgrade"} [] []
[2025-06-22T15:41:09.140182+00:00] main.INFO: {"feed":"salesOrders","operation":"full reindex(legacy)","status":"Progress 1\/1, processed 2, synced 0","elapsed":"541 ms","pid":"11672","caller":"bin\/magento setup:upgrade"} [] []
[2025-06-22T15:41:09.142709+00:00] main.INFO: {"feed":"salesOrders","operation":"full reindex(legacy)","status":"Complete","elapsed":"544 ms","pid":"11672","caller":"bin\/magento setup:upgrade"} [] []
[2025-06-22T15:41:09.155835+00:00] main.INFO: {"feed":"salesOrderStatuses","operation":"full reindex(legacy)","status":"Initialize","elapsed":"740 ms","pid":"11672","caller":"bin\/magento setup:upgrade"} [] []
[2025-06-22T15:41:09.213472+00:00] main.INFO: {"feed":"salesOrderStatuses","operation":"full reindex(legacy)","status":"Creating batch table `sales_data_exporter_order_statuses_index_batches`. Start position: ","elapsed":"797 ms","pid":"11672","caller":"bin\/magento setup:upgrade"} [] []
[2025-06-22T15:41:09.245471+00:00] main.INFO: {"feed":"salesOrderStatuses","operation":"full reindex(legacy)","status":"Batch table `sales_data_exporter_order_statuses_index_batches` created. Total Items: 12, batches: ~0","elapsed":"829 ms","pid":"11672","caller":"bin\/magento setup:upgrade"} [] []
[2025-06-22T15:41:09.245951+00:00] main.INFO: {"feed":"salesOrderStatuses","operation":"full reindex(legacy)","status":"start processing `12` items in `1` threads with `100` batch size","elapsed":"830 ms","pid":"11672","caller":"bin\/magento setup:upgrade"} [] []
[2025-06-22T15:41:09.255402+00:00] main.INFO: {"feed":"salesOrderStatuses","operation":"full reindex(legacy)","status":"Progress 1\/1, processed 12, synced 12","elapsed":"839 ms","pid":"11672","caller":"bin\/magento setup:upgrade"} [] []
[2025-06-22T15:41:09.257118+00:00] main.INFO: {"feed":"salesOrderStatuses","operation":"full reindex(legacy)","status":"Complete","elapsed":"841 ms","pid":"11672","caller":"bin\/magento setup:upgrade"} [] []
[2025-06-22T15:41:09.267073+00:00] main.INFO: {"feed":"stores","operation":"full reindex(legacy)","status":"Initialize","elapsed":"962 ms","pid":"11672","caller":"bin\/magento setup:upgrade"} [] []
[2025-06-22T15:41:09.323895+00:00] main.INFO: {"feed":"stores","operation":"full reindex(legacy)","status":"Creating batch table `stores_data_exporter_index_batches`. Start position: 0","elapsed":"00:00:00 19 ms","pid":"11672","caller":"bin\/magento setup:upgrade"} [] []
[2025-06-22T15:41:09.356189+00:00] main.INFO: {"feed":"stores","operation":"full reindex(legacy)","status":"Batch table `stores_data_exporter_index_batches` created. Total Items: 1, batches: ~0","elapsed":"00:00:00 51 ms","pid":"11672","caller":"bin\/magento setup:upgrade"} [] []
[2025-06-22T15:41:09.356489+00:00] main.INFO: {"feed":"stores","operation":"full reindex(legacy)","status":"start processing `1` items in `1` threads with `100` batch size","elapsed":"00:00:00 51 ms","pid":"11672","caller":"bin\/magento setup:upgrade"} [] []
[2025-06-22T15:41:09.364317+00:00] main.INFO: {"feed":"stores","operation":"full reindex(legacy)","status":"Progress 1\/1, processed 1, synced 1","elapsed":"00:00:00 59 ms","pid":"11672","caller":"bin\/magento setup:upgrade"} [] []
[2025-06-22T15:41:09.366043+00:00] main.INFO: {"feed":"stores","operation":"full reindex(legacy)","status":"Complete","elapsed":"00:00:00 61 ms","pid":"11672","caller":"bin\/magento setup:upgrade"} [] []
